<?xml version="1.0" encoding="UTF-8"?>
<testsuite name="PingPongTest" tests="1" skipped="0" failures="0" errors="0" timestamp="2016-02-08T17:57:42" hostname="epicodus-117.local" time="0.001">
  <properties/>
  <testcase name="pingPongReplacer_returnsArrayListOfNumbers_OneToX" classname="PingPongTest" time="0.001"/>
  <system-out><![CDATA[]]></system-out>
  <system-err><![CDATA[]]></system-err>
</testsuite>
