<?xml version="1.0" encoding="UTF-8"?>
<testsuite name="PingPongTest" tests="3" skipped="0" failures="0" errors="0" timestamp="2016-02-08T18:13:49" hostname="epicodus-117.local" time="0.002">
  <properties/>
  <testcase name="pingPongReplacer_replacesMultiplesOfFive_WithPong" classname="PingPongTest" time="0.001"/>
  <testcase name="pingPongReplacer_replacesMultiplesOfThree_WithPing" classname="PingPongTest" time="0.0"/>
  <testcase name="pingPongReplacer_returnsArrayListOfNumbers_OneToX" classname="PingPongTest" time="0.0"/>
  <system-out><![CDATA[]]></system-out>
  <system-err><![CDATA[]]></system-err>
</testsuite>
